Compiling the C compiler identification source file "CMakeCCompilerId.c" failed.
Compiler: C:/Program Files (x86)/Microsoft Visual Studio/2019/Enterprise/VC/Tools/MSVC/14.24.28314/bin/Hostx64/x64/cl.exe 
Build flags: 
Id flags:  

The output was:
2
用于 x64 的 Microsoft (R) C/C++ 优化编译器 19.24.28316 版
版权所有(C) Microsoft Corporation。保留所有权利。

CMakeCCompilerId.c
Microsoft (R) Incremental Linker Version 14.24.28316.0
Copyright (C) Microsoft Corporation.  All rights reserved.

/out:CMakeCCompilerId.exe 
CMakeCCompilerId.obj 
LINK : fatal error LNK1104: 无法打开文件“LIBCMT.lib”


Compiling the CXX compiler identification source file "CMakeCXXCompilerId.cpp" failed.
Compiler: C:/Program Files (x86)/Microsoft Visual Studio/2019/Enterprise/VC/Tools/MSVC/14.24.28314/bin/Hostx64/x64/cl.exe 
Build flags: 
Id flags:  

The output was:
2
用于 x64 的 Microsoft (R) C/C++ 优化编译器 19.24.28316 版
版权所有(C) Microsoft Corporation。保留所有权利。

CMakeCXXCompilerId.cpp
Microsoft (R) Incremental Linker Version 14.24.28316.0
Copyright (C) Microsoft Corporation.  All rights reserved.

/out:CMakeCXXCompilerId.exe 
CMakeCXXCompilerId.obj 
LINK : fatal error LNK1104: 无法打开文件“LIBCMT.lib”


Determining if the C compiler works failed with the following output:
Change Dir: D:/Coding/SakuraEngine/cmake-build-debug/CMakeFiles/CMakeTmp

Run Build Command(s):nmake /nologo cmTC_bf847\fast && 	"C:\Program Files (x86)\Microsoft Visual Studio\2019\Enterprise\VC\Tools\MSVC\14.24.28314\bin\HostX64\x64\nmake.exe" -f CMakeFiles\cmTC_bf847.dir\build.make /nologo -L                  CMakeFiles\cmTC_bf847.dir\build
Building C object CMakeFiles/cmTC_bf847.dir/testCCompiler.c.obj
	C:\PROGRA~2\MICROS~1\2019\ENTERP~1\VC\Tools\MSVC\1424~1.283\bin\Hostx64\x64\cl.exe @C:\Users\30453\AppData\Local\Temp\nm9975.tmp
testCCompiler.c
Linking C executable cmTC_bf847.exe
	"D:\Program Files\JetBrains\CLion 2019.3.4\bin\cmake\win\bin\cmake.exe" -E vs_link_exe --intdir=CMakeFiles\cmTC_bf847.dir --rc="E:\Windows Kits\10\bin\10.0.18362.0\x64\rc.exe" --mt="E:\Windows Kits\10\bin\10.0.18362.0\x64\mt.exe" --manifests  -- C:\PROGRA~2\MICROS~1\2019\ENTERP~1\VC\Tools\MSVC\1424~1.283\bin\Hostx64\x64\link.exe /nologo @CMakeFiles\cmTC_bf847.dir\objects1.rsp @C:\Users\30453\AppData\Local\Temp\nm99B5.tmp
LINK Pass 1: command "C:\PROGRA~2\MICROS~1\2019\ENTERP~1\VC\Tools\MSVC\1424~1.283\bin\Hostx64\x64\link.exe /nologo @CMakeFiles\cmTC_bf847.dir\objects1.rsp /out:cmTC_bf847.exe /implib:cmTC_bf847.lib /pdb:D:\Coding\SakuraEngine\cmake-build-debug\CMakeFiles\CMakeTmp\cmTC_bf847.pdb /version:0.0 /machine:x64 /debug /INCREMENTAL /subsystem:console kernel32.lib user32.lib gdi32.lib winspool.lib shell32.lib ole32.lib oleaut32.lib uuid.lib comdlg32.lib advapi32.lib /MANIFEST /MANIFESTFILE:CMakeFiles\cmTC_bf847.dir/intermediate.manifest CMakeFiles\cmTC_bf847.dir/manifest.res" failed (exit code 1120) with the following output:
MSVCRTD.lib(utility_app.obj) : error LNK2019: 无法解析的外部符号 __imp_RoInitialize，该符号在函数 __scrt_initialize_winrt 中被引用
cmTC_bf847.exe : fatal error LNK1120: 1 个无法解析的外部命令
NMAKE : fatal error U1077: “"D:\Program Files\JetBrains\CLion 2019.3.4\bin\cmake\win\bin\cmake.exe"”: 返回代码“0xffffffff”
Stop.
NMAKE : fatal error U1077: “"C:\Program Files (x86)\Microsoft Visual Studio\2019\Enterprise\VC\Tools\MSVC\14.24.28314\bin\HostX64\x64\nmake.exe"”: 返回代码“0x2”
Stop.



